<?xml version="1.0" encoding="UTF-8"?>
<!-- Generated by org.testng.reporters.JUnitXMLReporter -->
<testsuite hostname="DESKTOP-F4CISCT" name="Test-method test" tests="2" failures="0" timestamp="14 Apr 2016 14:01:29 GMT" time="0.018" errors="0">
  <testcase name="testMethodsOne" time="0.003" classname="org.gradle.TestThreaded"/>
  <testcase name="testMethodsTwo" time="0.003" classname="org.gradle.TestThreaded"/>
</testsuite> <!-- Test-method test -->
