<?xml version="1.0" encoding="UTF-8"?>
<!-- Generated by org.testng.reporters.JUnitReportReporter -->
<testsuite hostname="DESKTOP-F4CISCT" name="org.gradle.TestThreaded" tests="2" failures="0" timestamp="14 Apr 2016 14:31:07 GMT" time="0.008" errors="0">
  <testcase name="testMethodOne" time="0.004" classname="org.gradle.TestThreaded"/>
  <testcase name="testMethodOne" time="0.004" classname="org.gradle.TestThreaded"/>
</testsuite> <!-- org.gradle.TestThreaded -->
