<?xml version="1.0" encoding="UTF-8"?>
<!-- Generated by org.testng.reporters.JUnitReportReporter -->
<testsuite hostname="DESKTOP-F4CISCT" name="org.gradle.ThreadedTribonacciTest" tests="1" failures="0" timestamp="18 Apr 2016 10:41:17 GMT" time="1.056" errors="0">
  <testcase name="testThreaded" time="1.056" classname="org.gradle.ThreadedTribonacciTest"/>
</testsuite> <!-- org.gradle.ThreadedTribonacciTest -->
