<?xml version="1.0" encoding="UTF-8"?>
<!-- Generated by org.testng.reporters.JUnitReportReporter -->
<testsuite hostname="DESKTOP-F4CISCT" name="org.gradle.NonXmlThreaded" tests="1" failures="0" timestamp="14 Apr 2016 17:08:58 GMT" time="1.055" errors="0">
  <testcase name="testThreaded" time="1.055" classname="org.gradle.NonXmlThreaded"/>
</testsuite> <!-- org.gradle.NonXmlThreaded -->
