<?xml version="1.0" encoding="UTF-8"?>
<!-- Generated by org.testng.reporters.JUnitXMLReporter -->
<testsuite hostname="DESKTOP-F4CISCT" name="Test-class test 2" tests="1" failures="0" timestamp="14 Apr 2016 14:31:07 GMT" time="0.019" errors="0">
  <testcase name="testMethodOne" time="0.004" classname="org.gradle.TestThreaded"/>
</testsuite> <!-- Test-class test 2 -->
