<?xml version="1.0" encoding="UTF-8"?>
<!-- Generated by org.testng.reporters.JUnitReportReporter -->
<testsuite hostname="DESKTOP-F4CISCT" name="org.implementation.FileReadTest" tests="2" failures="0" timestamp="16 Apr 2016 15:26:46 GMT" time="0.005" errors="0">
  <testcase name="testFileReadPIPEReturnsMap" time="0.001" classname="org.implementation.FileReadTest"/>
  <testcase name="testFileReadCSVReturnsMap" time="0.004" classname="org.implementation.FileReadTest"/>
</testsuite> <!-- org.implementation.FileReadTest -->
