<?xml version="1.0" encoding="UTF-8"?>
<!-- Generated by org.testng.reporters.JUnitReportReporter -->
<testsuite hostname="DESKTOP-F4CISCT" name="models.EmployeeTest" tests="5" failures="0" timestamp="18 Apr 2016 10:40:58 GMT" time="0.157" errors="0">
  <testcase name="testEqualsAndHashCode" time="0.147" classname="models.EmployeeTest"/>
  <testcase name="testGetJobStartDate" time="0.001" classname="models.EmployeeTest"/>
  <testcase name="testGetAge" time="0.007" classname="models.EmployeeTest"/>
  <testcase name="testGetName" time="0.001" classname="models.EmployeeTest"/>
  <testcase name="testGetJobTitle" time="0.001" classname="models.EmployeeTest"/>
</testsuite> <!-- models.EmployeeTest -->
