<?xml version="1.0" encoding="UTF-8"?>
<!-- Generated by org.testng.reporters.JUnitReportReporter -->
<testsuite hostname="DESKTOP-F4CISCT" name="org.models.EmployeeTest" tests="5" failures="0" timestamp="17 Apr 2016 19:32:11 GMT" time="0.145" errors="0">
  <testcase name="testGetJobStartDate" time="0.001" classname="org.models.EmployeeTest"/>
  <testcase name="testGetName" time="0.001" classname="org.models.EmployeeTest"/>
  <testcase name="testGetJobTitle" time="0.001" classname="org.models.EmployeeTest"/>
  <testcase name="testEqualsAndHashCode" time="0.135" classname="org.models.EmployeeTest"/>
  <testcase name="testGetAge" time="0.007" classname="org.models.EmployeeTest"/>
</testsuite> <!-- org.models.EmployeeTest -->
