<?xml version="1.0" encoding="UTF-8"?>
<!-- Generated by org.testng.reporters.JUnitReportReporter -->
<testsuite hostname="DESKTOP-F4CISCT" name="org.gradle.PersonTest" tests="1" failures="0" timestamp="15 Apr 2016 09:23:36 GMT" time="0.008" errors="0">
  <testcase name="canConstructAPersonWithAName" time="0.008" classname="org.gradle.PersonTest"/>
</testsuite> <!-- org.gradle.PersonTest -->
