<?xml version="1.0" encoding="UTF-8"?>
<!-- Generated by org.testng.reporters.JUnitReportReporter -->
<testsuite hostname="DESKTOP-F4CISCT" name="implementation.FileReadAndCompareTest" tests="7" failures="0" timestamp="18 Apr 2016 10:40:58 GMT" time="0.014" errors="0">
  <testcase name="testGetFileAsMapThrowsIOException" time="0.000" classname="implementation.FileReadAndCompareTest"/>
  <testcase name="testGetFileAsMapNullFile" time="0.001" classname="implementation.FileReadAndCompareTest"/>
  <testcase name="testFileReadCompareFilesPIPEDifferent" time="0.001" classname="implementation.FileReadAndCompareTest"/>
  <testcase name="testFileReadCompareFilesCSVDifferent" time="0.007" classname="implementation.FileReadAndCompareTest"/>
  <testcase name="testFileReadPIPEReturnsMap" time="0.001" classname="implementation.FileReadAndCompareTest"/>
  <testcase name="testFileReadCSVReturnsMap" time="0.002" classname="implementation.FileReadAndCompareTest"/>
  <testcase name="testFileReadCompareFilesNoDifferences" time="0.002" classname="implementation.FileReadAndCompareTest"/>
</testsuite> <!-- implementation.FileReadAndCompareTest -->
